07 juil. 2022 00:35:47,153 [main] INFO  {org.hibernate.Version} - HHH000412: Hibernate ORM core version 6.0.2.Final 
07 juil. 2022 00:35:49,376 [main] WARN  {org.hibernate.orm.connections.pooling} - HHH10001002: Using built-in connection pool (not intended for production use) 
07 juil. 2022 00:35:49,385 [main] INFO  {org.hibernate.orm.connections.pooling} - HHH10001005: Loaded JDBC driver class: com.mysql.cj.jdbc.Driver 
07 juil. 2022 00:35:49,386 [main] INFO  {org.hibernate.orm.connections.pooling} - HHH10001012: Connecting with JDBC URL [jdbc:mysql://localhost:3306/rekest_db?serverTimezone=UTC] 
07 juil. 2022 00:35:49,386 [main] INFO  {org.hibernate.orm.connections.pooling} - HHH10001001: Connection properties: {password=****, user=root} 
07 juil. 2022 00:35:49,387 [main] INFO  {org.hibernate.orm.connections.pooling} - HHH10001003: Autocommit mode: false 
07 juil. 2022 00:35:49,390 [main] INFO  {org.hibernate.orm.connections.pooling} - HHH10001115: Connection pool size: 20 (min=1) 
07 juil. 2022 00:35:49,692 [main] INFO  {SQL dialect} - HHH000400: Using dialect: org.hibernate.dialect.MySQL5Dialect 
07 juil. 2022 00:35:49,694 [main] WARN  {org.hibernate.orm.deprecation} - HHH90000026: MySQL5Dialect has been deprecated; use org.hibernate.dialect.MySQLDialect instead 
07 juil. 2022 00:35:51,314 [main] INFO  {org.hibernate.metamodel.internal.EntityInstantiatorPojoStandard} - HHH000182: No default (no-argument) constructor for class: com.rekest.entities.employes.Utilisateur (class must be instantiated by Interceptor) 
07 juil. 2022 00:35:51,410 [main] INFO  {org.hibernate.metamodel.internal.EntityInstantiatorPojoStandard} - HHH000182: No default (no-argument) constructor for class: com.rekest.entities.employes.DirecteurGeneral (class must be instantiated by Interceptor) 
07 juil. 2022 00:35:51,442 [main] INFO  {org.hibernate.metamodel.internal.EntityInstantiatorPojoStandard} - HHH000182: No default (no-argument) constructor for class: com.rekest.entities.employes.Directeur (class must be instantiated by Interceptor) 
07 juil. 2022 00:35:51,531 [main] INFO  {org.hibernate.metamodel.internal.EntityInstantiatorPojoStandard} - HHH000182: No default (no-argument) constructor for class: com.rekest.entities.Service (class must be instantiated by Interceptor) 
07 juil. 2022 00:35:51,580 [main] INFO  {org.hibernate.metamodel.internal.EntityInstantiatorPojoStandard} - HHH000182: No default (no-argument) constructor for class: com.rekest.entities.Produit (class must be instantiated by Interceptor) 
07 juil. 2022 00:35:51,643 [main] INFO  {org.hibernate.metamodel.internal.EntityInstantiatorPojoStandard} - HHH000182: No default (no-argument) constructor for class: com.rekest.entities.employes.ChefService (class must be instantiated by Interceptor) 
07 juil. 2022 00:35:51,653 [main] INFO  {org.hibernate.metamodel.internal.EntityInstantiatorPojoStandard} - HHH000182: No default (no-argument) constructor for class: com.rekest.entities.Note (class must be instantiated by Interceptor) 
07 juil. 2022 00:35:51,668 [main] INFO  {org.hibernate.metamodel.internal.EntityInstantiatorPojoStandard} - HHH000182: No default (no-argument) constructor for class: com.rekest.entities.employes.Employe (class must be instantiated by Interceptor) 
07 juil. 2022 00:35:51,690 [main] INFO  {org.hibernate.metamodel.internal.EntityInstantiatorPojoStandard} - HHH000182: No default (no-argument) constructor for class: com.rekest.entities.employes.Manager (class must be instantiated by Interceptor) 
07 juil. 2022 00:35:51,702 [main] INFO  {org.hibernate.metamodel.internal.EntityInstantiatorPojoStandard} - HHH000182: No default (no-argument) constructor for class: com.rekest.entities.Departement (class must be instantiated by Interceptor) 
07 juil. 2022 00:35:51,723 [main] INFO  {org.hibernate.metamodel.internal.EntityInstantiatorPojoStandard} - HHH000182: No default (no-argument) constructor for class: com.rekest.entities.Role (class must be instantiated by Interceptor) 
07 juil. 2022 00:35:51,743 [main] INFO  {org.hibernate.metamodel.internal.EntityInstantiatorPojoStandard} - HHH000182: No default (no-argument) constructor for class: com.rekest.entities.employes.Administrateur (class must be instantiated by Interceptor) 
07 juil. 2022 00:35:51,762 [main] INFO  {org.hibernate.metamodel.internal.EntityInstantiatorPojoStandard} - HHH000182: No default (no-argument) constructor for class: com.rekest.entities.Notification (class must be instantiated by Interceptor) 
07 juil. 2022 00:35:51,782 [main] INFO  {org.hibernate.metamodel.internal.EntityInstantiatorPojoStandard} - HHH000182: No default (no-argument) constructor for class: com.rekest.entities.employes.Gestionnaire (class must be instantiated by Interceptor) 
07 juil. 2022 00:35:52,193 [main] INFO  {org.hibernate.orm.connections.access} - HHH10001501: Connection obtained from JdbcConnectionAccess [org.hibernate.engine.jdbc.env.internal.JdbcEnvironmentInitiator$ConnectionProviderJdbcConnectionAccess@2bdb5e0f] for (non-JTA) DDL execution was not in auto-commit mode; the Connection 'local transaction' will be committed and the Connection will be set into auto-commit mode. 
07 juil. 2022 00:35:52,264 [main] INFO  {org.hibernate.orm.connections.access} - HHH10001501: Connection obtained from JdbcConnectionAccess [org.hibernate.engine.jdbc.env.internal.JdbcEnvironmentInitiator$ConnectionProviderJdbcConnectionAccess@6ef037e4] for (non-JTA) DDL execution was not in auto-commit mode; the Connection 'local transaction' will be committed and the Connection will be set into auto-commit mode. 
07 juil. 2022 00:35:52,580 [main] INFO  {org.hibernate.engine.transaction.jta.platform.internal.JtaPlatformInitiator} - HHH000490: Using JtaPlatform implementation: [org.hibernate.engine.transaction.jta.platform.internal.NoJtaPlatform] 
07 juil. 2022 00:35:52,602 [main] INFO  {com.rekest.utils.HibernateSession} - HibernateSession created. 
07 juil. 2022 00:35:52,709 [main] INFO  {com.rekest.dao.impl.HibernateDao} - Begin transaction. 
07 juil. 2022 00:35:52,863 [main] INFO  {com.rekest.dao.impl.HibernateDao} - Record is Successully created 
07 juil. 2022 00:35:52,864 [main] INFO  {com.rekest.dao.impl.HibernateDao} - Begin transaction. 
07 juil. 2022 00:35:52,873 [main] INFO  {com.rekest.dao.impl.HibernateDao} - Record is Successully created 
07 juil. 2022 00:35:52,874 [main] INFO  {com.rekest.dao.impl.HibernateDao} - Begin transaction. 
07 juil. 2022 00:35:52,880 [main] INFO  {com.rekest.dao.impl.HibernateDao} - Record is Successully created 
07 juil. 2022 00:35:52,881 [main] INFO  {com.rekest.dao.impl.HibernateDao} - Begin transaction. 
07 juil. 2022 00:35:52,885 [main] INFO  {com.rekest.dao.impl.HibernateDao} - Record is Successully created 
07 juil. 2022 00:35:52,886 [main] INFO  {com.rekest.dao.impl.HibernateDao} - Begin transaction. 
07 juil. 2022 00:35:52,891 [main] INFO  {com.rekest.dao.impl.HibernateDao} - Record is Successully created 
07 juil. 2022 00:35:52,891 [main] INFO  {com.rekest.dao.impl.HibernateDao} - Begin transaction. 
07 juil. 2022 00:35:52,898 [main] INFO  {com.rekest.dao.impl.HibernateDao} - Record Successfully updated. 
07 juil. 2022 00:35:52,899 [main] INFO  {com.rekest.dao.impl.HibernateDao} - Begin transaction. 
07 juil. 2022 00:35:52,911 [main] INFO  {com.rekest.dao.impl.HibernateDao} - Record is Successfully deleted. 
07 juil. 2022 00:35:52,912 [main] INFO  {com.rekest.dao.impl.HibernateDao} - Begin transaction. 
07 juil. 2022 00:35:52,921 [main] INFO  {com.rekest.dao.impl.HibernateDao} - Record Successfully updated. 
07 juil. 2022 00:35:52,922 [main] INFO  {com.rekest.dao.impl.HibernateDao} - Begin transaction. 
07 juil. 2022 00:35:52,929 [main] INFO  {com.rekest.dao.impl.HibernateDao} - Record Successfully updated. 
07 juil. 2022 00:35:52,930 [main] INFO  {com.rekest.dao.impl.HibernateDao} - Begin transaction. 
07 juil. 2022 00:35:52,932 [main] INFO  {com.rekest.dao.impl.HibernateDao} - Record Successfully updated. 
07 juil. 2022 00:35:52,933 [main] INFO  {com.rekest.dao.impl.HibernateDao} - Begin transaction. 
07 juil. 2022 00:35:52,934 [main] INFO  {com.rekest.dao.impl.HibernateDao} - Record Successfully updated. 
07 juil. 2022 00:35:52,935 [main] INFO  {com.rekest.dao.impl.HibernateDao} - Begin transaction. 
07 juil. 2022 00:35:52,942 [main] INFO  {com.rekest.dao.impl.HibernateDao} - Record Successfully updated. 
07 juil. 2022 00:35:52,942 [main] INFO  {com.rekest.dao.impl.HibernateDao} - Begin transaction. 
07 juil. 2022 00:35:52,948 [main] INFO  {com.rekest.dao.impl.HibernateDao} - Record is Successully created 
07 juil. 2022 00:35:52,949 [main] INFO  {com.rekest.dao.impl.HibernateDao} - Begin transaction. 
07 juil. 2022 00:35:52,963 [main] INFO  {com.rekest.dao.impl.HibernateDao} - Record is Successully created 
07 juil. 2022 00:35:52,964 [main] INFO  {com.rekest.dao.impl.HibernateDao} - Begin transaction. 
07 juil. 2022 00:35:52,981 [main] INFO  {com.rekest.dao.impl.HibernateDao} - Record is Successully created 
07 juil. 2022 00:35:52,982 [main] INFO  {com.rekest.dao.impl.HibernateDao} - Begin transaction. 
07 juil. 2022 00:35:52,992 [main] INFO  {com.rekest.dao.impl.HibernateDao} - Record Successfully updated. 
07 juil. 2022 01:35:36,242 [main] INFO  {org.hibernate.Version} - HHH000412: Hibernate ORM core version 6.0.2.Final 
07 juil. 2022 01:35:37,985 [main] WARN  {org.hibernate.orm.connections.pooling} - HHH10001002: Using built-in connection pool (not intended for production use) 
07 juil. 2022 01:35:37,996 [main] INFO  {org.hibernate.orm.connections.pooling} - HHH10001005: Loaded JDBC driver class: com.mysql.cj.jdbc.Driver 
07 juil. 2022 01:35:37,996 [main] INFO  {org.hibernate.orm.connections.pooling} - HHH10001012: Connecting with JDBC URL [jdbc:mysql://localhost:3306/rekest_db?serverTimezone=UTC] 
07 juil. 2022 01:35:37,996 [main] INFO  {org.hibernate.orm.connections.pooling} - HHH10001001: Connection properties: {password=****, user=root} 
07 juil. 2022 01:35:37,997 [main] INFO  {org.hibernate.orm.connections.pooling} - HHH10001003: Autocommit mode: false 
07 juil. 2022 01:35:38,000 [main] INFO  {org.hibernate.orm.connections.pooling} - HHH10001115: Connection pool size: 20 (min=1) 
07 juil. 2022 01:35:38,283 [main] INFO  {SQL dialect} - HHH000400: Using dialect: org.hibernate.dialect.MySQL5Dialect 
07 juil. 2022 01:35:38,285 [main] WARN  {org.hibernate.orm.deprecation} - HHH90000026: MySQL5Dialect has been deprecated; use org.hibernate.dialect.MySQLDialect instead 
07 juil. 2022 01:35:40,939 [main] INFO  {org.hibernate.metamodel.internal.EntityInstantiatorPojoStandard} - HHH000182: No default (no-argument) constructor for class: com.rekest.entities.employes.Utilisateur (class must be instantiated by Interceptor) 
07 juil. 2022 01:35:41,028 [main] INFO  {org.hibernate.metamodel.internal.EntityInstantiatorPojoStandard} - HHH000182: No default (no-argument) constructor for class: com.rekest.entities.employes.DirecteurGeneral (class must be instantiated by Interceptor) 
07 juil. 2022 01:35:41,089 [main] INFO  {org.hibernate.metamodel.internal.EntityInstantiatorPojoStandard} - HHH000182: No default (no-argument) constructor for class: com.rekest.entities.employes.Directeur (class must be instantiated by Interceptor) 
07 juil. 2022 01:35:41,127 [main] INFO  {org.hibernate.metamodel.internal.EntityInstantiatorPojoStandard} - HHH000182: No default (no-argument) constructor for class: com.rekest.entities.Service (class must be instantiated by Interceptor) 
07 juil. 2022 01:35:41,152 [main] INFO  {org.hibernate.metamodel.internal.EntityInstantiatorPojoStandard} - HHH000182: No default (no-argument) constructor for class: com.rekest.entities.Produit (class must be instantiated by Interceptor) 
07 juil. 2022 01:35:41,182 [main] INFO  {org.hibernate.metamodel.internal.EntityInstantiatorPojoStandard} - HHH000182: No default (no-argument) constructor for class: com.rekest.entities.employes.ChefService (class must be instantiated by Interceptor) 
07 juil. 2022 01:35:41,198 [main] INFO  {org.hibernate.metamodel.internal.EntityInstantiatorPojoStandard} - HHH000182: No default (no-argument) constructor for class: com.rekest.entities.Note (class must be instantiated by Interceptor) 
07 juil. 2022 01:35:41,217 [main] INFO  {org.hibernate.metamodel.internal.EntityInstantiatorPojoStandard} - HHH000182: No default (no-argument) constructor for class: com.rekest.entities.employes.Employe (class must be instantiated by Interceptor) 
07 juil. 2022 01:35:41,249 [main] INFO  {org.hibernate.metamodel.internal.EntityInstantiatorPojoStandard} - HHH000182: No default (no-argument) constructor for class: com.rekest.entities.employes.Manager (class must be instantiated by Interceptor) 
07 juil. 2022 01:35:41,261 [main] INFO  {org.hibernate.metamodel.internal.EntityInstantiatorPojoStandard} - HHH000182: No default (no-argument) constructor for class: com.rekest.entities.Departement (class must be instantiated by Interceptor) 
07 juil. 2022 01:35:41,286 [main] INFO  {org.hibernate.metamodel.internal.EntityInstantiatorPojoStandard} - HHH000182: No default (no-argument) constructor for class: com.rekest.entities.Role (class must be instantiated by Interceptor) 
07 juil. 2022 01:35:41,313 [main] INFO  {org.hibernate.metamodel.internal.EntityInstantiatorPojoStandard} - HHH000182: No default (no-argument) constructor for class: com.rekest.entities.employes.Administrateur (class must be instantiated by Interceptor) 
07 juil. 2022 01:35:41,326 [main] INFO  {org.hibernate.metamodel.internal.EntityInstantiatorPojoStandard} - HHH000182: No default (no-argument) constructor for class: com.rekest.entities.Notification (class must be instantiated by Interceptor) 
07 juil. 2022 01:35:41,355 [main] INFO  {org.hibernate.metamodel.internal.EntityInstantiatorPojoStandard} - HHH000182: No default (no-argument) constructor for class: com.rekest.entities.employes.Gestionnaire (class must be instantiated by Interceptor) 
07 juil. 2022 01:35:41,842 [main] INFO  {org.hibernate.orm.connections.access} - HHH10001501: Connection obtained from JdbcConnectionAccess [org.hibernate.engine.jdbc.env.internal.JdbcEnvironmentInitiator$ConnectionProviderJdbcConnectionAccess@2fb082ff] for (non-JTA) DDL execution was not in auto-commit mode; the Connection 'local transaction' will be committed and the Connection will be set into auto-commit mode. 
07 juil. 2022 01:35:41,925 [main] INFO  {org.hibernate.orm.connections.access} - HHH10001501: Connection obtained from JdbcConnectionAccess [org.hibernate.engine.jdbc.env.internal.JdbcEnvironmentInitiator$ConnectionProviderJdbcConnectionAccess@2c34402] for (non-JTA) DDL execution was not in auto-commit mode; the Connection 'local transaction' will be committed and the Connection will be set into auto-commit mode. 
07 juil. 2022 01:35:42,277 [main] INFO  {org.hibernate.engine.transaction.jta.platform.internal.JtaPlatformInitiator} - HHH000490: Using JtaPlatform implementation: [org.hibernate.engine.transaction.jta.platform.internal.NoJtaPlatform] 
07 juil. 2022 01:35:42,300 [main] INFO  {com.rekest.utils.HibernateSession} - HibernateSession created. 
07 juil. 2022 01:35:42,411 [main] INFO  {com.rekest.dao.impl.HibernateDao} - Begin transaction. 
07 juil. 2022 01:35:42,554 [main] INFO  {com.rekest.dao.impl.HibernateDao} - Record is Successully created 
07 juil. 2022 01:35:42,555 [main] INFO  {com.rekest.dao.impl.HibernateDao} - Begin transaction. 
07 juil. 2022 01:35:42,568 [main] INFO  {com.rekest.dao.impl.HibernateDao} - Record is Successully created 
07 juil. 2022 01:35:42,569 [main] INFO  {com.rekest.dao.impl.HibernateDao} - Begin transaction. 
07 juil. 2022 01:35:42,576 [main] INFO  {com.rekest.dao.impl.HibernateDao} - Record is Successully created 
07 juil. 2022 01:35:42,577 [main] INFO  {com.rekest.dao.impl.HibernateDao} - Begin transaction. 
07 juil. 2022 01:35:42,583 [main] INFO  {com.rekest.dao.impl.HibernateDao} - Record is Successully created 
07 juil. 2022 01:35:42,589 [main] INFO  {com.rekest.dao.impl.HibernateDao} - Begin transaction. 
07 juil. 2022 01:35:42,594 [main] INFO  {com.rekest.dao.impl.HibernateDao} - Record is Successully created 
07 juil. 2022 01:35:42,595 [main] INFO  {com.rekest.dao.impl.HibernateDao} - Begin transaction. 
07 juil. 2022 01:35:42,602 [main] INFO  {com.rekest.dao.impl.HibernateDao} - Record Successfully updated. 
07 juil. 2022 01:35:42,603 [main] INFO  {com.rekest.dao.impl.HibernateDao} - Begin transaction. 
07 juil. 2022 01:35:42,617 [main] INFO  {com.rekest.dao.impl.HibernateDao} - Record is Successfully deleted. 
07 juil. 2022 01:35:42,618 [main] INFO  {com.rekest.dao.impl.HibernateDao} - Begin transaction. 
07 juil. 2022 01:35:42,629 [main] INFO  {com.rekest.dao.impl.HibernateDao} - Record Successfully updated. 
07 juil. 2022 01:35:42,630 [main] INFO  {com.rekest.dao.impl.HibernateDao} - Begin transaction. 
07 juil. 2022 01:35:42,637 [main] INFO  {com.rekest.dao.impl.HibernateDao} - Record Successfully updated. 
07 juil. 2022 01:35:42,638 [main] INFO  {com.rekest.dao.impl.HibernateDao} - Begin transaction. 
07 juil. 2022 01:35:42,642 [main] INFO  {com.rekest.dao.impl.HibernateDao} - Record Successfully updated. 
07 juil. 2022 01:35:42,642 [main] INFO  {com.rekest.dao.impl.HibernateDao} - Begin transaction. 
07 juil. 2022 01:35:42,644 [main] INFO  {com.rekest.dao.impl.HibernateDao} - Record Successfully updated. 
07 juil. 2022 01:35:42,645 [main] INFO  {com.rekest.dao.impl.HibernateDao} - Begin transaction. 
07 juil. 2022 01:35:42,648 [main] INFO  {com.rekest.dao.impl.HibernateDao} - Record Successfully updated. 
07 juil. 2022 01:35:42,649 [main] INFO  {com.rekest.dao.impl.HibernateDao} - Begin transaction. 
07 juil. 2022 01:35:42,652 [main] INFO  {com.rekest.dao.impl.HibernateDao} - Record is Successully created 
07 juil. 2022 01:35:42,653 [main] INFO  {com.rekest.dao.impl.HibernateDao} - Begin transaction. 
07 juil. 2022 01:35:42,660 [main] INFO  {com.rekest.dao.impl.HibernateDao} - Record is Successully created 
07 juil. 2022 01:35:42,661 [main] INFO  {com.rekest.dao.impl.HibernateDao} - Begin transaction. 
07 juil. 2022 01:35:42,676 [main] INFO  {com.rekest.dao.impl.HibernateDao} - Record is Successully created 
07 juil. 2022 01:35:42,676 [main] INFO  {com.rekest.dao.impl.HibernateDao} - Begin transaction. 
07 juil. 2022 01:35:42,682 [main] INFO  {com.rekest.dao.impl.HibernateDao} - Record Successfully updated. 
07 juil. 2022 01:42:46,183 [main] INFO  {org.hibernate.Version} - HHH000412: Hibernate ORM core version 6.0.2.Final 
07 juil. 2022 01:42:48,631 [main] WARN  {org.hibernate.orm.connections.pooling} - HHH10001002: Using built-in connection pool (not intended for production use) 
07 juil. 2022 01:42:48,649 [main] INFO  {org.hibernate.orm.connections.pooling} - HHH10001005: Loaded JDBC driver class: com.mysql.cj.jdbc.Driver 
07 juil. 2022 01:42:48,649 [main] INFO  {org.hibernate.orm.connections.pooling} - HHH10001012: Connecting with JDBC URL [jdbc:mysql://localhost:3306/rekest_db?serverTimezone=UTC] 
07 juil. 2022 01:42:48,650 [main] INFO  {org.hibernate.orm.connections.pooling} - HHH10001001: Connection properties: {password=****, user=root} 
07 juil. 2022 01:42:48,651 [main] INFO  {org.hibernate.orm.connections.pooling} - HHH10001003: Autocommit mode: false 
07 juil. 2022 01:42:48,660 [main] INFO  {org.hibernate.orm.connections.pooling} - HHH10001115: Connection pool size: 20 (min=1) 
07 juil. 2022 01:42:49,394 [main] INFO  {SQL dialect} - HHH000400: Using dialect: org.hibernate.dialect.MySQL5Dialect 
07 juil. 2022 01:42:49,398 [main] WARN  {org.hibernate.orm.deprecation} - HHH90000026: MySQL5Dialect has been deprecated; use org.hibernate.dialect.MySQLDialect instead 
07 juil. 2022 01:42:51,659 [main] INFO  {org.hibernate.metamodel.internal.EntityInstantiatorPojoStandard} - HHH000182: No default (no-argument) constructor for class: com.rekest.entities.employes.Utilisateur (class must be instantiated by Interceptor) 
07 juil. 2022 01:42:51,830 [main] INFO  {org.hibernate.metamodel.internal.EntityInstantiatorPojoStandard} - HHH000182: No default (no-argument) constructor for class: com.rekest.entities.employes.DirecteurGeneral (class must be instantiated by Interceptor) 
07 juil. 2022 01:42:51,880 [main] INFO  {org.hibernate.metamodel.internal.EntityInstantiatorPojoStandard} - HHH000182: No default (no-argument) constructor for class: com.rekest.entities.employes.Directeur (class must be instantiated by Interceptor) 
07 juil. 2022 01:42:51,914 [main] INFO  {org.hibernate.metamodel.internal.EntityInstantiatorPojoStandard} - HHH000182: No default (no-argument) constructor for class: com.rekest.entities.Service (class must be instantiated by Interceptor) 
07 juil. 2022 01:42:51,943 [main] INFO  {org.hibernate.metamodel.internal.EntityInstantiatorPojoStandard} - HHH000182: No default (no-argument) constructor for class: com.rekest.entities.Produit (class must be instantiated by Interceptor) 
07 juil. 2022 01:42:51,986 [main] INFO  {org.hibernate.metamodel.internal.EntityInstantiatorPojoStandard} - HHH000182: No default (no-argument) constructor for class: com.rekest.entities.employes.ChefService (class must be instantiated by Interceptor) 
07 juil. 2022 01:42:52,003 [main] INFO  {org.hibernate.metamodel.internal.EntityInstantiatorPojoStandard} - HHH000182: No default (no-argument) constructor for class: com.rekest.entities.Note (class must be instantiated by Interceptor) 
07 juil. 2022 01:42:52,034 [main] INFO  {org.hibernate.metamodel.internal.EntityInstantiatorPojoStandard} - HHH000182: No default (no-argument) constructor for class: com.rekest.entities.employes.Employe (class must be instantiated by Interceptor) 
07 juil. 2022 01:42:52,067 [main] INFO  {org.hibernate.metamodel.internal.EntityInstantiatorPojoStandard} - HHH000182: No default (no-argument) constructor for class: com.rekest.entities.employes.Manager (class must be instantiated by Interceptor) 
07 juil. 2022 01:42:52,083 [main] INFO  {org.hibernate.metamodel.internal.EntityInstantiatorPojoStandard} - HHH000182: No default (no-argument) constructor for class: com.rekest.entities.Departement (class must be instantiated by Interceptor) 
07 juil. 2022 01:42:52,119 [main] INFO  {org.hibernate.metamodel.internal.EntityInstantiatorPojoStandard} - HHH000182: No default (no-argument) constructor for class: com.rekest.entities.Role (class must be instantiated by Interceptor) 
07 juil. 2022 01:42:52,154 [main] INFO  {org.hibernate.metamodel.internal.EntityInstantiatorPojoStandard} - HHH000182: No default (no-argument) constructor for class: com.rekest.entities.employes.Administrateur (class must be instantiated by Interceptor) 
07 juil. 2022 01:42:52,175 [main] INFO  {org.hibernate.metamodel.internal.EntityInstantiatorPojoStandard} - HHH000182: No default (no-argument) constructor for class: com.rekest.entities.Notification (class must be instantiated by Interceptor) 
07 juil. 2022 01:42:52,206 [main] INFO  {org.hibernate.metamodel.internal.EntityInstantiatorPojoStandard} - HHH000182: No default (no-argument) constructor for class: com.rekest.entities.employes.Gestionnaire (class must be instantiated by Interceptor) 
07 juil. 2022 01:42:52,786 [main] INFO  {org.hibernate.orm.connections.access} - HHH10001501: Connection obtained from JdbcConnectionAccess [org.hibernate.engine.jdbc.env.internal.JdbcEnvironmentInitiator$ConnectionProviderJdbcConnectionAccess@6c231af5] for (non-JTA) DDL execution was not in auto-commit mode; the Connection 'local transaction' will be committed and the Connection will be set into auto-commit mode. 
07 juil. 2022 01:42:52,845 [main] INFO  {org.hibernate.orm.connections.access} - HHH10001501: Connection obtained from JdbcConnectionAccess [org.hibernate.engine.jdbc.env.internal.JdbcEnvironmentInitiator$ConnectionProviderJdbcConnectionAccess@59be0a97] for (non-JTA) DDL execution was not in auto-commit mode; the Connection 'local transaction' will be committed and the Connection will be set into auto-commit mode. 
07 juil. 2022 01:42:53,153 [main] INFO  {org.hibernate.engine.transaction.jta.platform.internal.JtaPlatformInitiator} - HHH000490: Using JtaPlatform implementation: [org.hibernate.engine.transaction.jta.platform.internal.NoJtaPlatform] 
07 juil. 2022 01:42:53,179 [main] INFO  {com.rekest.utils.HibernateSession} - HibernateSession created. 
07 juil. 2022 01:42:53,332 [main] INFO  {com.rekest.dao.impl.HibernateDao} - Begin transaction. 
07 juil. 2022 01:42:53,535 [main] INFO  {com.rekest.dao.impl.HibernateDao} - Record is Successully created 
07 juil. 2022 01:42:53,537 [main] INFO  {com.rekest.dao.impl.HibernateDao} - Begin transaction. 
07 juil. 2022 01:42:53,555 [main] INFO  {com.rekest.dao.impl.HibernateDao} - Record is Successully created 
07 juil. 2022 01:42:53,556 [main] INFO  {com.rekest.dao.impl.HibernateDao} - Begin transaction. 
07 juil. 2022 01:42:53,565 [main] INFO  {com.rekest.dao.impl.HibernateDao} - Record is Successully created 
07 juil. 2022 01:42:53,567 [main] INFO  {com.rekest.dao.impl.HibernateDao} - Begin transaction. 
07 juil. 2022 01:42:53,572 [main] INFO  {com.rekest.dao.impl.HibernateDao} - Record is Successully created 
07 juil. 2022 01:42:53,573 [main] INFO  {com.rekest.dao.impl.HibernateDao} - Begin transaction. 
07 juil. 2022 01:42:53,585 [main] INFO  {com.rekest.dao.impl.HibernateDao} - Record is Successully created 
07 juil. 2022 01:42:53,586 [main] INFO  {com.rekest.dao.impl.HibernateDao} - Begin transaction. 
07 juil. 2022 01:42:53,594 [main] INFO  {com.rekest.dao.impl.HibernateDao} - Record Successfully updated. 
07 juil. 2022 01:42:53,595 [main] INFO  {com.rekest.dao.impl.HibernateDao} - Begin transaction. 
07 juil. 2022 01:42:53,614 [main] INFO  {com.rekest.dao.impl.HibernateDao} - Record is Successfully deleted. 
07 juil. 2022 01:42:53,615 [main] INFO  {com.rekest.dao.impl.HibernateDao} - Begin transaction. 
07 juil. 2022 01:42:53,629 [main] INFO  {com.rekest.dao.impl.HibernateDao} - Record Successfully updated. 
07 juil. 2022 01:42:53,631 [main] INFO  {com.rekest.dao.impl.HibernateDao} - Begin transaction. 
07 juil. 2022 01:42:53,641 [main] INFO  {com.rekest.dao.impl.HibernateDao} - Record Successfully updated. 
07 juil. 2022 01:42:53,643 [main] INFO  {com.rekest.dao.impl.HibernateDao} - Begin transaction. 
07 juil. 2022 01:42:53,649 [main] INFO  {com.rekest.dao.impl.HibernateDao} - Record Successfully updated. 
07 juil. 2022 01:42:53,650 [main] INFO  {com.rekest.dao.impl.HibernateDao} - Begin transaction. 
07 juil. 2022 01:42:53,652 [main] INFO  {com.rekest.dao.impl.HibernateDao} - Record Successfully updated. 
07 juil. 2022 01:42:53,653 [main] INFO  {com.rekest.dao.impl.HibernateDao} - Begin transaction. 
07 juil. 2022 01:42:53,658 [main] INFO  {com.rekest.dao.impl.HibernateDao} - Record Successfully updated. 
07 juil. 2022 01:42:53,659 [main] INFO  {com.rekest.dao.impl.HibernateDao} - Begin transaction. 
07 juil. 2022 01:42:53,664 [main] INFO  {com.rekest.dao.impl.HibernateDao} - Record is Successully created 
07 juil. 2022 01:42:53,666 [main] INFO  {com.rekest.dao.impl.HibernateDao} - Begin transaction. 
07 juil. 2022 01:42:53,674 [main] INFO  {com.rekest.dao.impl.HibernateDao} - Record is Successully created 
07 juil. 2022 01:42:53,675 [main] INFO  {com.rekest.dao.impl.HibernateDao} - Begin transaction. 
07 juil. 2022 01:42:53,692 [main] INFO  {com.rekest.dao.impl.HibernateDao} - Record is Successully created 
07 juil. 2022 01:42:53,693 [main] INFO  {com.rekest.dao.impl.HibernateDao} - Begin transaction. 
07 juil. 2022 01:42:53,701 [main] INFO  {com.rekest.dao.impl.HibernateDao} - Record Successfully updated. 
07 juil. 2022 01:43:14,303 [main] INFO  {org.hibernate.Version} - HHH000412: Hibernate ORM core version 6.0.2.Final 
07 juil. 2022 01:43:16,127 [main] WARN  {org.hibernate.orm.connections.pooling} - HHH10001002: Using built-in connection pool (not intended for production use) 
07 juil. 2022 01:43:16,136 [main] INFO  {org.hibernate.orm.connections.pooling} - HHH10001005: Loaded JDBC driver class: com.mysql.cj.jdbc.Driver 
07 juil. 2022 01:43:16,136 [main] INFO  {org.hibernate.orm.connections.pooling} - HHH10001012: Connecting with JDBC URL [jdbc:mysql://localhost:3306/rekest_db?serverTimezone=UTC] 
07 juil. 2022 01:43:16,136 [main] INFO  {org.hibernate.orm.connections.pooling} - HHH10001001: Connection properties: {password=****, user=root} 
07 juil. 2022 01:43:16,137 [main] INFO  {org.hibernate.orm.connections.pooling} - HHH10001003: Autocommit mode: false 
07 juil. 2022 01:43:16,141 [main] INFO  {org.hibernate.orm.connections.pooling} - HHH10001115: Connection pool size: 20 (min=1) 
07 juil. 2022 01:43:16,432 [main] INFO  {SQL dialect} - HHH000400: Using dialect: org.hibernate.dialect.MySQL5Dialect 
07 juil. 2022 01:43:16,435 [main] WARN  {org.hibernate.orm.deprecation} - HHH90000026: MySQL5Dialect has been deprecated; use org.hibernate.dialect.MySQLDialect instead 
07 juil. 2022 01:43:18,109 [main] INFO  {org.hibernate.metamodel.internal.EntityInstantiatorPojoStandard} - HHH000182: No default (no-argument) constructor for class: com.rekest.entities.employes.Utilisateur (class must be instantiated by Interceptor) 
07 juil. 2022 01:43:18,244 [main] INFO  {org.hibernate.metamodel.internal.EntityInstantiatorPojoStandard} - HHH000182: No default (no-argument) constructor for class: com.rekest.entities.employes.DirecteurGeneral (class must be instantiated by Interceptor) 
07 juil. 2022 01:43:18,306 [main] INFO  {org.hibernate.metamodel.internal.EntityInstantiatorPojoStandard} - HHH000182: No default (no-argument) constructor for class: com.rekest.entities.employes.Directeur (class must be instantiated by Interceptor) 
07 juil. 2022 01:43:18,329 [main] INFO  {org.hibernate.metamodel.internal.EntityInstantiatorPojoStandard} - HHH000182: No default (no-argument) constructor for class: com.rekest.entities.Service (class must be instantiated by Interceptor) 
07 juil. 2022 01:43:18,364 [main] INFO  {org.hibernate.metamodel.internal.EntityInstantiatorPojoStandard} - HHH000182: No default (no-argument) constructor for class: com.rekest.entities.Produit (class must be instantiated by Interceptor) 
07 juil. 2022 01:43:18,396 [main] INFO  {org.hibernate.metamodel.internal.EntityInstantiatorPojoStandard} - HHH000182: No default (no-argument) constructor for class: com.rekest.entities.employes.ChefService (class must be instantiated by Interceptor) 
07 juil. 2022 01:43:18,422 [main] INFO  {org.hibernate.metamodel.internal.EntityInstantiatorPojoStandard} - HHH000182: No default (no-argument) constructor for class: com.rekest.entities.Note (class must be instantiated by Interceptor) 
07 juil. 2022 01:43:18,436 [main] INFO  {org.hibernate.metamodel.internal.EntityInstantiatorPojoStandard} - HHH000182: No default (no-argument) constructor for class: com.rekest.entities.employes.Employe (class must be instantiated by Interceptor) 
07 juil. 2022 01:43:18,461 [main] INFO  {org.hibernate.metamodel.internal.EntityInstantiatorPojoStandard} - HHH000182: No default (no-argument) constructor for class: com.rekest.entities.employes.Manager (class must be instantiated by Interceptor) 
07 juil. 2022 01:43:18,472 [main] INFO  {org.hibernate.metamodel.internal.EntityInstantiatorPojoStandard} - HHH000182: No default (no-argument) constructor for class: com.rekest.entities.Departement (class must be instantiated by Interceptor) 
07 juil. 2022 01:43:18,494 [main] INFO  {org.hibernate.metamodel.internal.EntityInstantiatorPojoStandard} - HHH000182: No default (no-argument) constructor for class: com.rekest.entities.Role (class must be instantiated by Interceptor) 
07 juil. 2022 01:43:18,518 [main] INFO  {org.hibernate.metamodel.internal.EntityInstantiatorPojoStandard} - HHH000182: No default (no-argument) constructor for class: com.rekest.entities.employes.Administrateur (class must be instantiated by Interceptor) 
07 juil. 2022 01:43:18,547 [main] INFO  {org.hibernate.metamodel.internal.EntityInstantiatorPojoStandard} - HHH000182: No default (no-argument) constructor for class: com.rekest.entities.Notification (class must be instantiated by Interceptor) 
07 juil. 2022 01:43:18,563 [main] INFO  {org.hibernate.metamodel.internal.EntityInstantiatorPojoStandard} - HHH000182: No default (no-argument) constructor for class: com.rekest.entities.employes.Gestionnaire (class must be instantiated by Interceptor) 
07 juil. 2022 01:43:19,086 [main] INFO  {org.hibernate.orm.connections.access} - HHH10001501: Connection obtained from JdbcConnectionAccess [org.hibernate.engine.jdbc.env.internal.JdbcEnvironmentInitiator$ConnectionProviderJdbcConnectionAccess@2864f887] for (non-JTA) DDL execution was not in auto-commit mode; the Connection 'local transaction' will be committed and the Connection will be set into auto-commit mode. 
07 juil. 2022 01:43:19,137 [main] INFO  {org.hibernate.orm.connections.access} - HHH10001501: Connection obtained from JdbcConnectionAccess [org.hibernate.engine.jdbc.env.internal.JdbcEnvironmentInitiator$ConnectionProviderJdbcConnectionAccess@12365bd8] for (non-JTA) DDL execution was not in auto-commit mode; the Connection 'local transaction' will be committed and the Connection will be set into auto-commit mode. 
07 juil. 2022 01:43:19,480 [main] INFO  {org.hibernate.engine.transaction.jta.platform.internal.JtaPlatformInitiator} - HHH000490: Using JtaPlatform implementation: [org.hibernate.engine.transaction.jta.platform.internal.NoJtaPlatform] 
07 juil. 2022 01:43:19,501 [main] INFO  {com.rekest.utils.HibernateSession} - HibernateSession created. 
07 juil. 2022 01:43:19,593 [main] INFO  {com.rekest.dao.impl.HibernateDao} - Begin transaction. 
07 juil. 2022 01:43:19,711 [main] INFO  {com.rekest.dao.impl.HibernateDao} - Record is Successully created 
07 juil. 2022 01:43:19,712 [main] INFO  {com.rekest.dao.impl.HibernateDao} - Begin transaction. 
07 juil. 2022 01:43:19,723 [main] INFO  {com.rekest.dao.impl.HibernateDao} - Record is Successully created 
07 juil. 2022 01:43:19,724 [main] INFO  {com.rekest.dao.impl.HibernateDao} - Begin transaction. 
07 juil. 2022 01:43:19,732 [main] INFO  {com.rekest.dao.impl.HibernateDao} - Record is Successully created 
07 juil. 2022 01:43:19,733 [main] INFO  {com.rekest.dao.impl.HibernateDao} - Begin transaction. 
07 juil. 2022 01:43:19,737 [main] INFO  {com.rekest.dao.impl.HibernateDao} - Record is Successully created 
07 juil. 2022 01:43:19,738 [main] INFO  {com.rekest.dao.impl.HibernateDao} - Begin transaction. 
07 juil. 2022 01:43:19,742 [main] INFO  {com.rekest.dao.impl.HibernateDao} - Record is Successully created 
07 juil. 2022 01:43:19,743 [main] INFO  {com.rekest.dao.impl.HibernateDao} - Begin transaction. 
07 juil. 2022 01:43:19,748 [main] INFO  {com.rekest.dao.impl.HibernateDao} - Record Successfully updated. 
07 juil. 2022 01:43:19,749 [main] INFO  {com.rekest.dao.impl.HibernateDao} - Begin transaction. 
07 juil. 2022 01:43:19,761 [main] INFO  {com.rekest.dao.impl.HibernateDao} - Record is Successfully deleted. 
07 juil. 2022 01:43:19,762 [main] INFO  {com.rekest.dao.impl.HibernateDao} - Begin transaction. 
07 juil. 2022 01:43:19,773 [main] INFO  {com.rekest.dao.impl.HibernateDao} - Record Successfully updated. 
07 juil. 2022 01:43:19,774 [main] INFO  {com.rekest.dao.impl.HibernateDao} - Begin transaction. 
07 juil. 2022 01:43:19,780 [main] INFO  {com.rekest.dao.impl.HibernateDao} - Record Successfully updated. 
07 juil. 2022 01:43:19,781 [main] INFO  {com.rekest.dao.impl.HibernateDao} - Begin transaction. 
07 juil. 2022 01:43:19,785 [main] INFO  {com.rekest.dao.impl.HibernateDao} - Record Successfully updated. 
07 juil. 2022 01:43:19,786 [main] INFO  {com.rekest.dao.impl.HibernateDao} - Begin transaction. 
07 juil. 2022 01:43:19,788 [main] INFO  {com.rekest.dao.impl.HibernateDao} - Record Successfully updated. 
07 juil. 2022 01:43:19,789 [main] INFO  {com.rekest.dao.impl.HibernateDao} - Begin transaction. 
07 juil. 2022 01:43:19,792 [main] INFO  {com.rekest.dao.impl.HibernateDao} - Record Successfully updated. 
07 juil. 2022 01:43:19,793 [main] INFO  {com.rekest.dao.impl.HibernateDao} - Begin transaction. 
07 juil. 2022 01:43:19,797 [main] INFO  {com.rekest.dao.impl.HibernateDao} - Record is Successully created 
07 juil. 2022 01:43:19,804 [main] INFO  {com.rekest.dao.impl.HibernateDao} - Begin transaction. 
07 juil. 2022 01:43:19,810 [main] INFO  {com.rekest.dao.impl.HibernateDao} - Record is Successully created 
07 juil. 2022 01:43:19,811 [main] INFO  {com.rekest.dao.impl.HibernateDao} - Begin transaction. 
07 juil. 2022 01:43:19,825 [main] INFO  {com.rekest.dao.impl.HibernateDao} - Record is Successully created 
07 juil. 2022 01:43:19,826 [main] INFO  {com.rekest.dao.impl.HibernateDao} - Begin transaction. 
07 juil. 2022 01:43:19,832 [main] INFO  {com.rekest.dao.impl.HibernateDao} - Record Successfully updated. 
